-------------------------------------------------------------------------------
Test set: TestSuite
-------------------------------------------------------------------------------
Tests run: 2, Failures: 2, Errors: 0, Skipped: 0, Time elapsed: 1.386 s <<< FAILURE! - in TestSuite
testWithoutGrid(WebTest.TestWithoutGrid)  Time elapsed: 0.975 s  <<< FAILURE!
org.openqa.selenium.SessionNotCreatedException: 
Could not start a new session. Possible causes are invalid address of the remote server or browser start-up failure. 
Host info: host: '192.168.1.7', ip: 'fe80:0:0:0:18d7:ce08:f18f:ed3b%en0'
Build info: version: '4.11.0', revision: '040bc5406b'
System info: os.name: 'Mac OS X', os.arch: 'aarch64', os.version: '14.5', java.version: '23'
Driver info: org.openqa.selenium.remote.RemoteWebDriver
Command: [null, newSession {capabilities=[Capabilities {acceptInsecureCerts: true, browserName: firefox, moz:debuggerAddress: true, moz:firefoxOptions: {args: [--disable-gpu, --window-size=1920,1080]}, pageLoadStrategy: eager, unhandledPromptBehavior: dismiss and notify}]}]
Capabilities {acceptInsecureCerts: true, browserName: firefox, moz:debuggerAddress: true, moz:firefoxOptions: {args: [--disable-gpu, --window-size=1920,1080]}, pageLoadStrategy: eager, unhandledPromptBehavior: dismiss and notify}
	at WebTest.TestWithoutGrid.testWithoutGrid(TestWithoutGrid.java:32)
Caused by: java.io.UncheckedIOException: java.net.UnknownHostException: host.docker.internal: nodename nor servname provided, or not known
	at WebTest.TestWithoutGrid.testWithoutGrid(TestWithoutGrid.java:32)
Caused by: java.net.UnknownHostException: host.docker.internal: nodename nor servname provided, or not known
	at WebTest.TestWithoutGrid.testWithoutGrid(TestWithoutGrid.java:32)

testWithoutGrid(WebTest.TestWithoutGrid)  Time elapsed: 0.007 s  <<< FAILURE!
org.openqa.selenium.SessionNotCreatedException: 
Could not start a new session. Possible causes are invalid address of the remote server or browser start-up failure. 
Host info: host: '192.168.1.7', ip: 'fe80:0:0:0:18d7:ce08:f18f:ed3b%en0'
Build info: version: '4.11.0', revision: '040bc5406b'
System info: os.name: 'Mac OS X', os.arch: 'aarch64', os.version: '14.5', java.version: '23'
Driver info: org.openqa.selenium.remote.RemoteWebDriver
Command: [null, newSession {capabilities=[Capabilities {browserName: chrome, goog:chromeOptions: {args: [--remote-allow-origins=*, --disable-gpu, --window-size=1920,1080], extensions: []}, pageLoadStrategy: eager, unhandledPromptBehavior: dismiss and notify}]}]
Capabilities {browserName: chrome, goog:chromeOptions: {args: [--remote-allow-origins=*, --disable-gpu, --window-size=1920,1080], extensions: []}, pageLoadStrategy: eager, unhandledPromptBehavior: dismiss and notify}
	at WebTest.TestWithoutGrid.testWithoutGrid(TestWithoutGrid.java:32)
Caused by: java.io.UncheckedIOException: java.net.UnknownHostException: host.docker.internal
	at WebTest.TestWithoutGrid.testWithoutGrid(TestWithoutGrid.java:32)
Caused by: java.net.UnknownHostException: host.docker.internal
	at WebTest.TestWithoutGrid.testWithoutGrid(TestWithoutGrid.java:32)

