<?xml version="1.0" encoding="UTF-8"?>
<!-- Generated by org.testng.reporters.JUnitXMLReporter -->
<testsuite ignored="6" hostname="192.168.1.7" failures="2" tests="2" name="Test" time="0.997" errors="0" timestamp="2024-10-05T13:56:12 IST">
  <testcase classname="WebTest.TestWithoutGrid" name="testWithoutGrid" time="0.969">
    <failure type="org.openqa.selenium.SessionNotCreatedException" message="Could not start a new session. Possible causes are invalid address of the remote server or browser start-up failure. 
Host info: host: &amp;apos;192.168.1.7&amp;apos;, ip: &amp;apos;fe80:0:0:0:18d7:ce08:f18f:ed3b%en0&amp;apos;
Build info: version: &amp;apos;4.11.0&amp;apos;, revision: &amp;apos;040bc5406b&amp;apos;
System info: os.name: &amp;apos;Mac OS X&amp;apos;, os.arch: &amp;apos;aarch64&amp;apos;, os.version: &amp;apos;14.5&amp;apos;, java.version: &amp;apos;23&amp;apos;
Driver info: org.openqa.selenium.remote.RemoteWebDriver
Command: [null, newSession {capabilities=[Capabilities {acceptInsecureCerts: true, browserName: firefox, moz:debuggerAddress: true, moz:firefoxOptions: {args: [--disable-gpu, --window-size=1920,1080]}, pageLoadStrategy: eager, unhandledPromptBehavior: dismiss and notify}]}]
Capabilities {acceptInsecureCerts: true, browserName: firefox, moz:debuggerAddress: true, moz:firefoxOptions: {args: [--disable-gpu, --window-size=1920,1080]}, pageLoadStrategy: eager, unhandledPromptBehavior: dismiss and notify}">
      <![CDATA[org.openqa.selenium.SessionNotCreatedException: Could not start a new session. Possible causes are invalid address of the remote server or browser start-up failure. 
Host info: host: '192.168.1.7', ip: 'fe80:0:0:0:18d7:ce08:f18f:ed3b%en0'
Build info: version: '4.11.0', revision: '040bc5406b'
System info: os.name: 'Mac OS X', os.arch: 'aarch64', os.version: '14.5', java.version: '23'
Driver info: org.openqa.selenium.remote.RemoteWebDriver
Command: [null, newSession {capabilities=[Capabilities {acceptInsecureCerts: true, browserName: firefox, moz:debuggerAddress: true, moz:firefoxOptions: {args: [--disable-gpu, --window-size=1920,1080]}, pageLoadStrategy: eager, unhandledPromptBehavior: dismiss and notify}]}]
Capabilities {acceptInsecureCerts: true, browserName: firefox, moz:debuggerAddress: true, moz:firefoxOptions: {args: [--disable-gpu, --window-size=1920,1080]}, pageLoadStrategy: eager, unhandledPromptBehavior: dismiss and notify}
at org.openqa.selenium.remote.RemoteWebDriver.execute(RemoteWebDriver.java:536)
at org.openqa.selenium.remote.RemoteWebDriver.startSession(RemoteWebDriver.java:232)
at org.openqa.selenium.remote.RemoteWebDriver.<init>(RemoteWebDriver.java:159)
at org.openqa.selenium.remote.RemoteWebDriver.<init>(RemoteWebDriver.java:139)
at DriverConfiguration.InitializeDriverSetup.initializeDriver(InitializeDriverSetup.java:75)
at WebTest.TestWithoutGrid.testWithoutGrid(TestWithoutGrid.java:32)
at java.base/java.util.concurrent.ThreadPoolExecutor.runWorker(ThreadPoolExecutor.java:1144)
at java.base/java.util.concurrent.ThreadPoolExecutor$Worker.run(ThreadPoolExecutor.java:642)
at java.base/java.lang.Thread.run(Thread.java:1575)
Caused by: java.io.UncheckedIOException: java.net.UnknownHostException: host.docker.internal: nodename nor servname provided, or not known
at org.openqa.selenium.remote.http.netty.NettyHttpHandler.makeCall(NettyHttpHandler.java:73)
at org.openqa.selenium.remote.http.AddSeleniumUserAgent.lambda$apply$0(AddSeleniumUserAgent.java:42)
at org.openqa.selenium.remote.http.Filter.lambda$andFinally$1(Filter.java:55)
at org.openqa.selenium.remote.http.netty.NettyHttpHandler.execute(NettyHttpHandler.java:48)
at org.openqa.selenium.remote.http.netty.NettyClient.execute(NettyClient.java:96)
at org.openqa.selenium.remote.tracing.TracedHttpClient.execute(TracedHttpClient.java:54)
at org.openqa.selenium.remote.ProtocolHandshake.createSession(ProtocolHandshake.java:115)
at org.openqa.selenium.remote.ProtocolHandshake.createSession(ProtocolHandshake.java:96)
at org.openqa.selenium.remote.ProtocolHandshake.createSession(ProtocolHandshake.java:68)
at org.openqa.selenium.remote.HttpCommandExecutor.execute(HttpCommandExecutor.java:163)
at org.openqa.selenium.remote.TracedCommandExecutor.execute(TracedCommandExecutor.java:51)
at org.openqa.selenium.remote.RemoteWebDriver.execute(RemoteWebDriver.java:518)
... 18 more
Caused by: java.net.UnknownHostException: host.docker.internal: nodename nor servname provided, or not known
at java.base/java.net.Inet6AddressImpl.lookupAllHostAddr(Native Method)
at java.base/java.net.Inet6AddressImpl.lookupAllHostAddr(Inet6AddressImpl.java:52)
at java.base/java.net.InetAddress$PlatformResolver.lookupByName(InetAddress.java:1221)
at java.base/java.net.InetAddress.getAddressesFromNameService(InetAddress.java:1817)
at java.base/java.net.InetAddress$NameServiceAddresses.get(InetAddress.java:1149)
at java.base/java.net.InetAddress.getAllByName0(InetAddress.java:1807)
at java.base/java.net.InetAddress.getAllByName(InetAddress.java:1676)
at io.netty.util.internal.SocketUtils$9.run(SocketUtils.java:169)
at io.netty.util.internal.SocketUtils$9.run(SocketUtils.java:166)
at java.base/java.security.AccessController.doPrivileged(AccessController.java:571)
at io.netty.util.internal.SocketUtils.allAddressesByName(SocketUtils.java:166)
at io.netty.resolver.DefaultNameResolver.doResolveAll(DefaultNameResolver.java:50)
at io.netty.resolver.SimpleNameResolver.resolveAll(SimpleNameResolver.java:79)
at io.netty.resolver.SimpleNameResolver.resolveAll(SimpleNameResolver.java:71)
at org.asynchttpclient.resolver.RequestHostnameResolver.resolve(RequestHostnameResolver.java:50)
at org.asynchttpclient.netty.request.NettyRequestSender.resolveAddresses(NettyRequestSender.java:364)
at org.asynchttpclient.netty.request.NettyRequestSender.sendRequestWithNewChannel(NettyRequestSender.java:307)
at org.asynchttpclient.netty.request.NettyRequestSender.sendRequestWithCertainForceConnect(NettyRequestSender.java:143)
at org.asynchttpclient.netty.request.NettyRequestSender.sendRequest(NettyRequestSender.java:114)
at org.asynchttpclient.DefaultAsyncHttpClient.execute(DefaultAsyncHttpClient.java:259)
at org.asynchttpclient.DefaultAsyncHttpClient.executeRequest(DefaultAsyncHttpClient.java:228)
at org.asynchttpclient.DefaultAsyncHttpClient.executeRequest(DefaultAsyncHttpClient.java:249)
at org.openqa.selenium.remote.http.netty.NettyHttpHandler.makeCall(NettyHttpHandler.java:55)
... 29 more
... Removed 10 stack frames]]>
    </failure>
  </testcase> <!-- testWithoutGrid -->
  <testcase classname="WebTest.TestWithoutGrid" name="testWithoutGrid" time="0.007">
    <failure type="org.openqa.selenium.SessionNotCreatedException" message="Could not start a new session. Possible causes are invalid address of the remote server or browser start-up failure. 
Host info: host: &amp;apos;192.168.1.7&amp;apos;, ip: &amp;apos;fe80:0:0:0:18d7:ce08:f18f:ed3b%en0&amp;apos;
Build info: version: &amp;apos;4.11.0&amp;apos;, revision: &amp;apos;040bc5406b&amp;apos;
System info: os.name: &amp;apos;Mac OS X&amp;apos;, os.arch: &amp;apos;aarch64&amp;apos;, os.version: &amp;apos;14.5&amp;apos;, java.version: &amp;apos;23&amp;apos;
Driver info: org.openqa.selenium.remote.RemoteWebDriver
Command: [null, newSession {capabilities=[Capabilities {browserName: chrome, goog:chromeOptions: {args: [--remote-allow-origins=*, --disable-gpu, --window-size=1920,1080], extensions: []}, pageLoadStrategy: eager, unhandledPromptBehavior: dismiss and notify}]}]
Capabilities {browserName: chrome, goog:chromeOptions: {args: [--remote-allow-origins=*, --disable-gpu, --window-size=1920,1080], extensions: []}, pageLoadStrategy: eager, unhandledPromptBehavior: dismiss and notify}">
      <![CDATA[org.openqa.selenium.SessionNotCreatedException: Could not start a new session. Possible causes are invalid address of the remote server or browser start-up failure. 
Host info: host: '192.168.1.7', ip: 'fe80:0:0:0:18d7:ce08:f18f:ed3b%en0'
Build info: version: '4.11.0', revision: '040bc5406b'
System info: os.name: 'Mac OS X', os.arch: 'aarch64', os.version: '14.5', java.version: '23'
Driver info: org.openqa.selenium.remote.RemoteWebDriver
Command: [null, newSession {capabilities=[Capabilities {browserName: chrome, goog:chromeOptions: {args: [--remote-allow-origins=*, --disable-gpu, --window-size=1920,1080], extensions: []}, pageLoadStrategy: eager, unhandledPromptBehavior: dismiss and notify}]}]
Capabilities {browserName: chrome, goog:chromeOptions: {args: [--remote-allow-origins=*, --disable-gpu, --window-size=1920,1080], extensions: []}, pageLoadStrategy: eager, unhandledPromptBehavior: dismiss and notify}
at org.openqa.selenium.remote.RemoteWebDriver.execute(RemoteWebDriver.java:536)
at org.openqa.selenium.remote.RemoteWebDriver.startSession(RemoteWebDriver.java:232)
at org.openqa.selenium.remote.RemoteWebDriver.<init>(RemoteWebDriver.java:159)
at org.openqa.selenium.remote.RemoteWebDriver.<init>(RemoteWebDriver.java:139)
at DriverConfiguration.InitializeDriverSetup.initializeDriver(InitializeDriverSetup.java:75)
at WebTest.TestWithoutGrid.testWithoutGrid(TestWithoutGrid.java:32)
at java.base/java.util.concurrent.ThreadPoolExecutor.runWorker(ThreadPoolExecutor.java:1144)
at java.base/java.util.concurrent.ThreadPoolExecutor$Worker.run(ThreadPoolExecutor.java:642)
at java.base/java.lang.Thread.run(Thread.java:1575)
Caused by: java.io.UncheckedIOException: java.net.UnknownHostException: host.docker.internal
at org.openqa.selenium.remote.http.netty.NettyHttpHandler.makeCall(NettyHttpHandler.java:73)
at org.openqa.selenium.remote.http.AddSeleniumUserAgent.lambda$apply$0(AddSeleniumUserAgent.java:42)
at org.openqa.selenium.remote.http.Filter.lambda$andFinally$1(Filter.java:55)
at org.openqa.selenium.remote.http.netty.NettyHttpHandler.execute(NettyHttpHandler.java:48)
at org.openqa.selenium.remote.http.netty.NettyClient.execute(NettyClient.java:96)
at org.openqa.selenium.remote.tracing.TracedHttpClient.execute(TracedHttpClient.java:54)
at org.openqa.selenium.remote.ProtocolHandshake.createSession(ProtocolHandshake.java:115)
at org.openqa.selenium.remote.ProtocolHandshake.createSession(ProtocolHandshake.java:96)
at org.openqa.selenium.remote.ProtocolHandshake.createSession(ProtocolHandshake.java:68)
at org.openqa.selenium.remote.HttpCommandExecutor.execute(HttpCommandExecutor.java:163)
at org.openqa.selenium.remote.TracedCommandExecutor.execute(TracedCommandExecutor.java:51)
at org.openqa.selenium.remote.RemoteWebDriver.execute(RemoteWebDriver.java:518)
... 18 more
Caused by: java.net.UnknownHostException: host.docker.internal
at java.base/java.net.InetAddress$CachedLookup.get(InetAddress.java:998)
at java.base/java.net.InetAddress.getAllByName0(InetAddress.java:1807)
at java.base/java.net.InetAddress.getAllByName(InetAddress.java:1676)
at io.netty.util.internal.SocketUtils$9.run(SocketUtils.java:169)
at io.netty.util.internal.SocketUtils$9.run(SocketUtils.java:166)
at java.base/java.security.AccessController.doPrivileged(AccessController.java:571)
at io.netty.util.internal.SocketUtils.allAddressesByName(SocketUtils.java:166)
at io.netty.resolver.DefaultNameResolver.doResolveAll(DefaultNameResolver.java:50)
at io.netty.resolver.SimpleNameResolver.resolveAll(SimpleNameResolver.java:79)
at io.netty.resolver.SimpleNameResolver.resolveAll(SimpleNameResolver.java:71)
at org.asynchttpclient.resolver.RequestHostnameResolver.resolve(RequestHostnameResolver.java:50)
at org.asynchttpclient.netty.request.NettyRequestSender.resolveAddresses(NettyRequestSender.java:364)
at org.asynchttpclient.netty.request.NettyRequestSender.sendRequestWithNewChannel(NettyRequestSender.java:307)
at org.asynchttpclient.netty.request.NettyRequestSender.sendRequestWithCertainForceConnect(NettyRequestSender.java:143)
at org.asynchttpclient.netty.request.NettyRequestSender.sendRequest(NettyRequestSender.java:114)
at org.asynchttpclient.DefaultAsyncHttpClient.execute(DefaultAsyncHttpClient.java:259)
at org.asynchttpclient.DefaultAsyncHttpClient.executeRequest(DefaultAsyncHttpClient.java:228)
at org.asynchttpclient.DefaultAsyncHttpClient.executeRequest(DefaultAsyncHttpClient.java:249)
at org.openqa.selenium.remote.http.netty.NettyHttpHandler.makeCall(NettyHttpHandler.java:55)
... 29 more
... Removed 10 stack frames]]>
    </failure>
  </testcase> <!-- testWithoutGrid -->
  <testcase classname="ApiTest.LoginApiTest" name="clickLogin" time="0.0">
    <ignored/>
  </testcase> <!-- clickLogin -->
  <testcase classname="SignupTest.Signup" name="SignUpClient" time="0.0">
    <ignored/>
  </testcase> <!-- SignUpClient -->
  <testcase classname="WebTest.TestWithoutGrid" name="testWithoutGrid1" time="0.0">
    <ignored/>
  </testcase> <!-- testWithoutGrid1 -->
  <testcase classname="WebTest.TestWithoutGrid" name="readJSON" time="0.0">
    <ignored/>
  </testcase> <!-- readJSON -->
  <testcase classname="ApiTest.LoginApiTest" name="click" time="0.0">
    <ignored/>
  </testcase> <!-- click -->
  <testcase classname="ApiTest.UsersApiTest" name="validateApi" time="0.0">
    <ignored/>
  </testcase> <!-- validateApi -->
</testsuite> <!-- Test -->
