<?xml version="1.0" encoding="UTF-8"?>
<!-- Generated by org.testng.reporters.JUnitXMLReporter -->
<testsuite hostname="192.168.1.9" ignored="6" name="Test" tests="1" failures="0" timestamp="2024-09-27T01:34:46 IST" time="22.768" errors="0">
  <testcase name="testWithoutGrid" time="22.621" classname="WebTest.TestWithoutGrid"/>
  <testcase name="clickLogin" time="0.0" classname="ApiTest.LoginApiTest">
    <ignored/>
  </testcase> <!-- clickLogin -->
  <testcase name="SignUpClient" time="0.0" classname="SignupTest.Signup">
    <ignored/>
  </testcase> <!-- SignUpClient -->
  <testcase name="testWithoutGrid1" time="0.0" classname="WebTest.TestWithoutGrid">
    <ignored/>
  </testcase> <!-- testWithoutGrid1 -->
  <testcase name="readJSON" time="0.0" classname="WebTest.TestWithoutGrid">
    <ignored/>
  </testcase> <!-- readJSON -->
  <testcase name="click" time="0.0" classname="ApiTest.LoginApiTest">
    <ignored/>
  </testcase> <!-- click -->
  <testcase name="validateApi" time="0.0" classname="ApiTest.UsersApiTest">
    <ignored/>
  </testcase> <!-- validateApi -->
</testsuite> <!-- Test -->
